生成启动时间为 2015/9/7 10:26:18。
     1>项目“C:\Users\why-n\Desktop\2015教学\面向对象程序设计\实验\实验1 C++基础\C++基础\ConsoleApplication1\ConsoleApplication1.vcxproj”在节点 2 上(Build 个目标)。
     1>ClCompile:
         C:\Program Files (x86)\Microsoft Visual Studio 12.0\VC\bin\CL.exe /c /ZI /nologo /W3 /WX- /sdl /Od /Oy- /D WIN32 /D _DEBUG /D _CONSOLE /D _LIB /D _UNICODE /D UNICODE /Gm /EHsc /RTC1 /MDd /GS /fp:precise /Zc:wchar_t /Zc:forScope /Yc"stdafx.h" /Fp"Debug\ConsoleApplication1.pch" /Fo"Debug\\" /Fd"Debug\vc120.pdb" /Gd /TP /analyze- /errorReport:prompt stdafx.cpp
         stdafx.cpp
         C:\Program Files (x86)\Microsoft Visual Studio 12.0\VC\bin\CL.exe /c /ZI /nologo /W3 /WX- /sdl /Od /Oy- /D WIN32 /D _DEBUG /D _CONSOLE /D _LIB /D _UNICODE /D UNICODE /Gm /EHsc /RTC1 /MDd /GS /fp:precise /Zc:wchar_t /Zc:forScope /Yu"stdafx.h" /Fp"Debug\ConsoleApplication1.pch" /Fo"Debug\\" /Fd"Debug\vc120.pdb" /Gd /TP /analyze- /errorReport:prompt "实验1.cpp"
         实验1.cpp
     1>c:\users\why-n\desktop\2015教学\面向对象程序设计\实验\实验1 c++基础\c++基础\consoleapplication1\实验1.cpp(30): warning C4309: “=”: 截断常量值
     1>c:\users\why-n\desktop\2015教学\面向对象程序设计\实验\实验1 c++基础\c++基础\consoleapplication1\实验1.cpp(32): warning C4305: “=”: 从“int”到“char”截断
     1>c:\users\why-n\desktop\2015教学\面向对象程序设计\实验\实验1 c++基础\c++基础\consoleapplication1\实验1.cpp(32): warning C4309: “=”: 截断常量值
     1>c:\users\why-n\desktop\2015教学\面向对象程序设计\实验\实验1 c++基础\c++基础\consoleapplication1\实验1.cpp(40): warning C4244: “=”: 从“double”转换到“int”，可能丢失数据
     1>c:\users\why-n\desktop\2015教学\面向对象程序设计\实验\实验1 c++基础\c++基础\consoleapplication1\实验1.cpp(40): warning C4244: “=”: 从“double”转换到“short”，可能丢失数据
     1>c:\users\why-n\desktop\2015教学\面向对象程序设计\实验\实验1 c++基础\c++基础\consoleapplication1\实验1.cpp(40): warning C4244: “=”: 从“double”转换到“char”，可能丢失数据
     1>c:\users\why-n\desktop\2015教学\面向对象程序设计\实验\实验1 c++基础\c++基础\consoleapplication1\实验1.cpp(40): warning C4244: “=”: 从“double”转换到“long”，可能丢失数据
     1>c:\users\why-n\desktop\2015教学\面向对象程序设计\实验\实验1 c++基础\c++基础\consoleapplication1\实验1.cpp(40): warning C4244: “=”: 从“double”转换到“float”，可能丢失数据
       Link:
         C:\Program Files (x86)\Microsoft Visual Studio 12.0\VC\bin\link.exe /ERRORREPORT:PROMPT /OUT:"C:\Users\why-n\Desktop\2015教学\面向对象程序设计\实验\实验1 C++基础\C++基础\Debug\ConsoleApplication1.exe" /INCREMENTAL /NOLOGO kernel32.lib user32.lib gdi32.lib winspool.lib comdlg32.lib advapi32.lib shell32.lib ole32.lib oleaut32.lib uuid.lib odbc32.lib odbccp32.lib /MANIFEST /MANIFESTUAC:"level='asInvoker' uiAccess='false'" /manifest:embed /DEBUG /PDB:"C:\Users\why-n\Desktop\2015教学\面向对象程序设计\实验\实验1 C++基础\C++基础\Debug\ConsoleApplication1.pdb" /SUBSYSTEM:CONSOLE /TLBID:1 /DYNAMICBASE /NXCOMPAT /IMPLIB:"C:\Users\why-n\Desktop\2015教学\面向对象程序设计\实验\实验1 C++基础\C++基础\Debug\ConsoleApplication1.lib" /MACHINE:X86 "Debug\实验1.obj"
         Debug\stdafx.obj
         ConsoleApplication1.vcxproj -> C:\Users\why-n\Desktop\2015教学\面向对象程序设计\实验\实验1 C++基础\C++基础\Debug\ConsoleApplication1.exe
     1>已完成生成项目“C:\Users\why-n\Desktop\2015教学\面向对象程序设计\实验\实验1 C++基础\C++基础\ConsoleApplication1\ConsoleApplication1.vcxproj”(Build 个目标)的操作。

生成成功。

已用时间 00:00:01.22
